<?xml version="1.0" encoding="UTF-8"?>
<testsuite xmlns:xsi="http://www.w3.org/2001/XMLSchema-instance" xsi:noNamespaceSchemaLocation="https://maven.apache.org/surefire/maven-surefire-plugin/xsd/surefire-test-report.xsd" name="runner.TestRunner" time="382.152" tests="5" errors="0" skipped="0" failures="0">
  <properties>
[...]
</properties>
  <testcase name="scenario" classname="runner.TestRunner" time="87.636"/>
  <testcase name="scenario" classname="runner.TestRunner" time="58.555"/>
  <testcase name="scenario" classname="runner.TestRunner" time="84.965"/>
  <testcase name="scenario" classname="runner.TestRunner" time="71.713"/>
  <testcase name="scenario" classname="runner.TestRunner" time="78.347"/>
</testsuite>