<?xml version="1.0" encoding="UTF-8"?>
<testng-results skipped="0" failed="0" ignored="0" total="4" passed="4">
  <reporter-output>
  </reporter-output>
  <suite name="Surefire suite" duration-ms="314776" started-at="2020-08-21T06:55:15 IST" finished-at="2020-08-21T07:00:30 IST">
    <groups>
      <group name="Cucumber">
        <method signature="TestRunner.scenario(cucumber.api.testng.PickleEventWrapper, cucumber.api.testng.CucumberFeatureWrapper)[pri:0, instance:runner.TestRunner@148080bb]" name="scenario" class="runner.TestRunner"/>
      </group> <!-- Cucumber -->
    </groups>
    <test name="Surefire test" duration-ms="314776" started-at="2020-08-21T06:55:15 IST" finished-at="2020-08-21T07:00:30 IST">
      <class name="runner.TestRunner">
        <test-method status="PASS" signature="setUpClass()[pri:0, instance:runner.TestRunner@148080bb]" name="setUpClass" is-config="true" duration-ms="117" started-at="2020-08-21T06:55:15 IST" finished-at="2020-08-21T06:55:15 IST">
          <reporter-output>
          </reporter-output>
        </test-method> <!-- setUpClass -->
        <test-method status="PASS" signature="scenario(cucumber.api.testng.PickleEventWrapper, cucumber.api.testng.CucumberFeatureWrapper)[pri:0, instance:runner.TestRunner@148080bb]" name="scenario" duration-ms="85371" started-at="2020-08-21T06:55:15 IST" description="Runs Cucumber Feature" data-provider="scenarios" finished-at="2020-08-21T06:56:40 IST">
          <params>
            <param index="0">
              <value>
                <![CDATA["Curbside flow type-3 - Pay Now - Make a successful payment with valid card details for curbside flow"]]>
              </value>
            </param>
            <param index="1">
              <value>
                <![CDATA["One Dine - mWeb Application Regression Scenarios"]]>
              </value>
            </param>
          </params>
          <reporter-output>
          </reporter-output>
        </test-method> <!-- scenario -->
        <test-method status="PASS" signature="scenario(cucumber.api.testng.PickleEventWrapper, cucumber.api.testng.CucumberFeatureWrapper)[pri:0, instance:runner.TestRunner@148080bb]" name="scenario" duration-ms="58137" started-at="2020-08-21T06:56:40 IST" description="Runs Cucumber Feature" data-provider="scenarios" finished-at="2020-08-21T06:57:39 IST">
          <params>
            <param index="0">
              <value>
                <![CDATA["Curbside flow type-3 - Pay later (Pay At Restaurant) to make a successful order"]]>
              </value>
            </param>
            <param index="1">
              <value>
                <![CDATA["One Dine - mWeb Application Regression Scenarios"]]>
              </value>
            </param>
          </params>
          <reporter-output>
          </reporter-output>
        </test-method> <!-- scenario -->
        <test-method status="PASS" signature="scenario(cucumber.api.testng.PickleEventWrapper, cucumber.api.testng.CucumberFeatureWrapper)[pri:0, instance:runner.TestRunner@148080bb]" name="scenario" duration-ms="98089" started-at="2020-08-21T06:57:39 IST" description="Runs Cucumber Feature" data-provider="scenarios" finished-at="2020-08-21T06:59:17 IST">
          <params>
            <param index="0">
              <value>
                <![CDATA["Online Pickup - Pay Now to make a successful payment with valid card details"]]>
              </value>
            </param>
            <param index="1">
              <value>
                <![CDATA["One Dine - mWeb Application Regression Scenarios"]]>
              </value>
            </param>
          </params>
          <reporter-output>
          </reporter-output>
        </test-method> <!-- scenario -->
        <test-method status="PASS" signature="scenario(cucumber.api.testng.PickleEventWrapper, cucumber.api.testng.CucumberFeatureWrapper)[pri:0, instance:runner.TestRunner@148080bb]" name="scenario" duration-ms="72865" started-at="2020-08-21T06:59:17 IST" description="Runs Cucumber Feature" data-provider="scenarios" finished-at="2020-08-21T07:00:29 IST">
          <params>
            <param index="0">
              <value>
                <![CDATA["Online Pickup - Pay Later (Pay at restaurant) to make a successful order"]]>
              </value>
            </param>
            <param index="1">
              <value>
                <![CDATA["One Dine - mWeb Application Regression Scenarios"]]>
              </value>
            </param>
          </params>
          <reporter-output>
          </reporter-output>
        </test-method> <!-- scenario -->
        <test-method status="PASS" signature="tearDownClass()[pri:0, instance:runner.TestRunner@148080bb]" name="tearDownClass" is-config="true" duration-ms="121" started-at="2020-08-21T07:00:29 IST" finished-at="2020-08-21T07:00:30 IST">
          <reporter-output>
          </reporter-output>
        </test-method> <!-- tearDownClass -->
      </class> <!-- runner.TestRunner -->
    </test> <!-- Surefire test -->
  </suite> <!-- Surefire suite -->
</testng-results>
