<?xml version="1.0" encoding="UTF-8"?>
<testng-results skipped="0" failed="0" ignored="0" total="5" passed="5">
  <reporter-output>
  </reporter-output>
  <suite name="Surefire suite" duration-ms="436747" started-at="2020-08-22T01:23:01 IST" finished-at="2020-08-22T01:30:18 IST">
    <groups>
      <group name="Cucumber">
        <method signature="TestRunner.scenario(cucumber.api.testng.PickleEventWrapper, cucumber.api.testng.CucumberFeatureWrapper)[pri:0, instance:runner.TestRunner@148080bb]" name="scenario" class="runner.TestRunner"/>
      </group> <!-- Cucumber -->
    </groups>
    <test name="Surefire test" duration-ms="436747" started-at="2020-08-22T01:23:01 IST" finished-at="2020-08-22T01:30:18 IST">
      <class name="runner.TestRunner">
        <test-method status="PASS" signature="setUpClass()[pri:0, instance:runner.TestRunner@148080bb]" name="setUpClass" is-config="true" duration-ms="150" started-at="2020-08-22T01:23:01 IST" finished-at="2020-08-22T01:23:02 IST">
          <reporter-output>
          </reporter-output>
        </test-method> <!-- setUpClass -->
        <test-method status="PASS" signature="scenario(cucumber.api.testng.PickleEventWrapper, cucumber.api.testng.CucumberFeatureWrapper)[pri:0, instance:runner.TestRunner@148080bb]" name="scenario" duration-ms="86730" started-at="2020-08-22T01:23:02 IST" description="Runs Cucumber Feature" data-provider="scenarios" finished-at="2020-08-22T01:24:28 IST">
          <params>
            <param index="0">
              <value>
                <![CDATA["Curbside flow type-3 - Pay Now - Make a successful payment with valid card details for curbside flow"]]>
              </value>
            </param>
            <param index="1">
              <value>
                <![CDATA["One Dine - mWeb Application Regression Scenarios"]]>
              </value>
            </param>
          </params>
          <reporter-output>
          </reporter-output>
        </test-method> <!-- scenario -->
        <test-method status="PASS" signature="scenario(cucumber.api.testng.PickleEventWrapper, cucumber.api.testng.CucumberFeatureWrapper)[pri:0, instance:runner.TestRunner@148080bb]" name="scenario" duration-ms="71693" started-at="2020-08-22T01:24:28 IST" description="Runs Cucumber Feature" data-provider="scenarios" finished-at="2020-08-22T01:25:40 IST">
          <params>
            <param index="0">
              <value>
                <![CDATA["Curbside flow type-3 - Pay later (Pay At Restaurant) to make a successful order"]]>
              </value>
            </param>
            <param index="1">
              <value>
                <![CDATA["One Dine - mWeb Application Regression Scenarios"]]>
              </value>
            </param>
          </params>
          <reporter-output>
          </reporter-output>
        </test-method> <!-- scenario -->
        <test-method status="PASS" signature="scenario(cucumber.api.testng.PickleEventWrapper, cucumber.api.testng.CucumberFeatureWrapper)[pri:0, instance:runner.TestRunner@148080bb]" name="scenario" duration-ms="97458" started-at="2020-08-22T01:25:40 IST" description="Runs Cucumber Feature" data-provider="scenarios" finished-at="2020-08-22T01:27:18 IST">
          <params>
            <param index="0">
              <value>
                <![CDATA["Online Pickup - Pay Now to make a successful payment with valid card details"]]>
              </value>
            </param>
            <param index="1">
              <value>
                <![CDATA["One Dine - mWeb Application Regression Scenarios"]]>
              </value>
            </param>
          </params>
          <reporter-output>
          </reporter-output>
        </test-method> <!-- scenario -->
        <test-method status="PASS" signature="scenario(cucumber.api.testng.PickleEventWrapper, cucumber.api.testng.CucumberFeatureWrapper)[pri:0, instance:runner.TestRunner@148080bb]" name="scenario" duration-ms="93556" started-at="2020-08-22T01:27:18 IST" description="Runs Cucumber Feature" data-provider="scenarios" finished-at="2020-08-22T01:28:51 IST">
          <params>
            <param index="0">
              <value>
                <![CDATA["Online Pickup - Pay Later (Pay at restaurant) to make a successful order"]]>
              </value>
            </param>
            <param index="1">
              <value>
                <![CDATA["One Dine - mWeb Application Regression Scenarios"]]>
              </value>
            </param>
          </params>
          <reporter-output>
          </reporter-output>
        </test-method> <!-- scenario -->
        <test-method status="PASS" signature="scenario(cucumber.api.testng.PickleEventWrapper, cucumber.api.testng.CucumberFeatureWrapper)[pri:0, instance:runner.TestRunner@148080bb]" name="scenario" duration-ms="86946" started-at="2020-08-22T01:28:51 IST" description="Runs Cucumber Feature" data-provider="scenarios" finished-at="2020-08-22T01:30:18 IST">
          <params>
            <param index="0">
              <value>
                <![CDATA["Online Delivery - Pay Later (Pay at restaurant) to make a successful order"]]>
              </value>
            </param>
            <param index="1">
              <value>
                <![CDATA["One Dine - mWeb Application Regression Scenarios"]]>
              </value>
            </param>
          </params>
          <reporter-output>
          </reporter-output>
        </test-method> <!-- scenario -->
        <test-method status="PASS" signature="tearDownClass()[pri:0, instance:runner.TestRunner@148080bb]" name="tearDownClass" is-config="true" duration-ms="120" started-at="2020-08-22T01:30:18 IST" finished-at="2020-08-22T01:30:18 IST">
          <reporter-output>
          </reporter-output>
        </test-method> <!-- tearDownClass -->
      </class> <!-- runner.TestRunner -->
    </test> <!-- Surefire test -->
  </suite> <!-- Surefire suite -->
</testng-results>
